# JRE version: Java(TM) SE Runtime Environment (8.0_201-b09) (build 1.8.0_201-b09)
# Java VM: Java HotSpot(TM) 64-Bit Server VM (25.201-b09 mixed mode linux-amd64 compressed oops)
Heap:
 PSYoungGen      total 121344K, used 7145K [0x00000000ec180000, 0x00000000f4280000, 0x0000000100000000)
  eden space 114176K, 0% used [0x00000000ec180000,0x00000000ec180000,0x00000000f3100000)
  from space 7168K, 99% used [0x00000000f3480000,0x00000000f3b7a4c0,0x00000000f3b80000)
  to   space 5120K, 0% used [0x00000000f3d80000,0x00000000f3d80000,0x00000000f4280000)
 ParOldGen       total 25600K, used 14278K [0x00000000c4400000, 0x00000000c5d00000, 0x00000000ec180000)
  object space 25600K, 55% used [0x00000000c4400000,0x00000000c51f18f0,0x00000000c5d00000)
 Metaspace       used 30711K, capacity 32102K, committed 32176K, reserved 1077248K
  class space    used 4004K, capacity 4256K, committed 4272K, reserved 1048576K
GC Heap History (10 events):
Event: 3,924 GC heap after
Heap after GC invocations=5 (full 0):
 PSYoungGen      total 33280K, used 2540K [0x00000000ec180000, 0x00000000f0980000, 0x0000000100000000)
  eden space 30720K, 0% used [0x00000000ec180000,0x00000000ec180000,0x00000000edf80000)
  from space 2560K, 99% used [0x00000000edf80000,0x00000000ee1fb328,0x00000000ee200000)
  to   space 6144K, 0% used [0x00000000f0380000,0x00000000f0380000,0x00000000f0980000)
 ParOldGen       total 40960K, used 6042K [0x00000000c4400000, 0x00000000c6c00000, 0x00000000ec180000)
  object space 40960K, 14% used [0x00000000c4400000,0x00000000c49e6808,0x00000000c6c00000)
 Metaspace       used 14931K, capacity 15408K, committed 15488K, reserved 1062912K
  class space    used 1970K, capacity 2121K, committed 2176K, reserved 1048576K
}
Event: 4,314 GC heap before
{Heap before GC invocations=6 (full 0):
 PSYoungGen      total 33280K, used 33260K [0x00000000ec180000, 0x00000000f0980000, 0x0000000100000000)
  eden space 30720K, 100% used [0x00000000ec180000,0x00000000edf80000,0x00000000edf80000)
  from space 2560K, 99% used [0x00000000edf80000,0x00000000ee1fb328,0x00000000ee200000)
  to   space 6144K, 0% used [0x00000000f0380000,0x00000000f0380000,0x00000000f0980000)
 ParOldGen       total 40960K, used 6042K [0x00000000c4400000, 0x00000000c6c00000, 0x00000000ec180000)
  object space 40960K, 14% used [0x00000000c4400000,0x00000000c49e6808,0x00000000c6c00000)
 Metaspace       used 19430K, capacity 19928K, committed 20352K, reserved 1067008K
  class space    used 2468K, capacity 2595K, committed 2688K, reserved 1048576K
Event: 4,322 GC heap after
Heap after GC invocations=6 (full 0):
 PSYoungGen      total 66048K, used 6132K [0x00000000ec180000, 0x00000000f0c80000, 0x0000000100000000)
  eden space 59904K, 0% used [0x00000000ec180000,0x00000000ec180000,0x00000000efc00000)
  from space 6144K, 99% used [0x00000000f0380000,0x00000000f097d380,0x00000000f0980000)
  to   space 7680K, 0% used [0x00000000efc00000,0x00000000efc00000,0x00000000f0380000)
 ParOldGen       total 40960K, used 7177K [0x00000000c4400000, 0x00000000c6c00000, 0x00000000ec180000)
  object space 40960K, 17% used [0x00000000c4400000,0x00000000c4b02568,0x00000000c6c00000)
 Metaspace       used 19430K, capacity 19928K, committed 20352K, reserved 1067008K
  class space    used 2468K, capacity 2595K, committed 2688K, reserved 1048576K
}
Event: 4,471 GC heap before
{Heap before GC invocations=7 (full 0):
 PSYoungGen      total 66048K, used 22736K [0x00000000ec180000, 0x00000000f0c80000, 0x0000000100000000)
  eden space 59904K, 27% used [0x00000000ec180000,0x00000000ed1b6fe8,0x00000000efc00000)
  from space 6144K, 99% used [0x00000000f0380000,0x00000000f097d380,0x00000000f0980000)
  to   space 7680K, 0% used [0x00000000efc00000,0x00000000efc00000,0x00000000f0380000)
 ParOldGen       total 40960K, used 7177K [0x00000000c4400000, 0x00000000c6c00000, 0x00000000ec180000)
  object space 40960K, 17% used [0x00000000c4400000,0x00000000c4b02568,0x00000000c6c00000)
 Metaspace       used 20639K, capacity 21172K, committed 21296K, reserved 1067008K
  class space    used 2659K, capacity 2845K, committed 2864K, reserved 1048576K
Event: 4,478 GC heap after
Heap after GC invocations=7 (full 0):
 PSYoungGen      total 67584K, used 3893K [0x00000000ec180000, 0x00000000f4480000, 0x0000000100000000)
  eden space 59904K, 0% used [0x00000000ec180000,0x00000000ec180000,0x00000000efc00000)
  from space 7680K, 50% used [0x00000000efc00000,0x00000000effcd4f0,0x00000000f0380000)
  to   space 7168K, 0% used [0x00000000f3d80000,0x00000000f3d80000,0x00000000f4480000)
 ParOldGen       total 40960K, used 8277K [0x00000000c4400000, 0x00000000c6c00000, 0x00000000ec180000)
  object space 40960K, 20% used [0x00000000c4400000,0x00000000c4c15570,0x00000000c6c00000)
 Metaspace       used 20639K, capacity 21172K, committed 21296K, reserved 1067008K
  class space    used 2659K, capacity 2845K, committed 2864K, reserved 1048576K
}
Event: 4,478 GC heap before
{Heap before GC invocations=8 (full 1):
 PSYoungGen      total 67584K, used 3893K [0x00000000ec180000, 0x00000000f4480000, 0x0000000100000000)
  eden space 59904K, 0% used [0x00000000ec180000,0x00000000ec180000,0x00000000efc00000)
  from space 7680K, 50% used [0x00000000efc00000,0x00000000effcd4f0,0x00000000f0380000)
  to   space 7168K, 0% used [0x00000000f3d80000,0x00000000f3d80000,0x00000000f4480000)
 ParOldGen       total 40960K, used 8277K [0x00000000c4400000, 0x00000000c6c00000, 0x00000000ec180000)
  object space 40960K, 20% used [0x00000000c4400000,0x00000000c4c15570,0x00000000c6c00000)
 Metaspace       used 20639K, capacity 21172K, committed 21296K, reserved 1067008K
  class space    used 2659K, capacity 2845K, committed 2864K, reserved 1048576K
Event: 4,520 GC heap after
Heap after GC invocations=8 (full 1):
 PSYoungGen      total 67584K, used 0K [0x00000000ec180000, 0x00000000f4480000, 0x0000000100000000)
  eden space 59904K, 0% used [0x00000000ec180000,0x00000000ec180000,0x00000000efc00000)
  from space 7680K, 0% used [0x00000000efc00000,0x00000000efc00000,0x00000000f0380000)
  to   space 7168K, 0% used [0x00000000f3d80000,0x00000000f3d80000,0x00000000f4480000)
 ParOldGen       total 25600K, used 5923K [0x00000000c4400000, 0x00000000c5d00000, 0x00000000ec180000)
  object space 25600K, 23% used [0x00000000c4400000,0x00000000c49c8cf0,0x00000000c5d00000)
 Metaspace       used 20639K, capacity 21172K, committed 21296K, reserved 1067008K
  class space    used 2659K, capacity 2845K, committed 2864K, reserved 1048576K
}
Event: 5,178 GC heap before
{Heap before GC invocations=9 (full 1):
 PSYoungGen      total 67584K, used 59904K [0x00000000ec180000, 0x00000000f4480000, 0x0000000100000000)
  eden space 59904K, 100% used [0x00000000ec180000,0x00000000efc00000,0x00000000efc00000)
  from space 7680K, 0% used [0x00000000efc00000,0x00000000efc00000,0x00000000f0380000)
  to   space 7168K, 0% used [0x00000000f3d80000,0x00000000f3d80000,0x00000000f4480000)
 ParOldGen       total 25600K, used 5923K [0x00000000c4400000, 0x00000000c5d00000, 0x00000000ec180000)
  object space 25600K, 23% used [0x00000000c4400000,0x00000000c49c8cf0,0x00000000c5d00000)
 Metaspace       used 23895K, capacity 24548K, committed 24752K, reserved 1071104K
  class space    used 3066K, capacity 3241K, committed 3248K, reserved 1048576K
Event: 5,187 GC heap after
Heap after GC invocations=9 (full 1):
 PSYoungGen      total 119296K, used 5015K [0x00000000ec180000, 0x00000000f4280000, 0x0000000100000000)
  eden space 114176K, 0% used [0x00000000ec180000,0x00000000ec180000,0x00000000f3100000)
  from space 5120K, 97% used [0x00000000f3d80000,0x00000000f4265f80,0x00000000f4280000)
  to   space 7168K, 0% used [0x00000000f3480000,0x00000000f3480000,0x00000000f3b80000)
 ParOldGen       total 25600K, used 5995K [0x00000000c4400000, 0x00000000c5d00000, 0x00000000ec180000)
  object space 25600K, 23% used [0x00000000c4400000,0x00000000c49dad00,0x00000000c5d00000)
 Metaspace       used 23895K, capacity 24548K, committed 24752K, reserved 1071104K
  class space    used 3066K, capacity 3241K, committed 3248K, reserved 1048576K
}
Event: 13,426 GC heap before
{Heap before GC invocations=10 (full 1):
 PSYoungGen      total 119296K, used 119191K [0x00000000ec180000, 0x00000000f4280000, 0x0000000100000000)
  eden space 114176K, 100% used [0x00000000ec180000,0x00000000f3100000,0x00000000f3100000)
  from space 5120K, 97% used [0x00000000f3d80000,0x00000000f4265f80,0x00000000f4280000)
  to   space 7168K, 0% used [0x00000000f3480000,0x00000000f3480000,0x00000000f3b80000)
 ParOldGen       total 25600K, used 5995K [0x00000000c4400000, 0x00000000c5d00000, 0x00000000ec180000)
  object space 25600K, 23% used [0x00000000c4400000,0x00000000c49dad00,0x00000000c5d00000)
 Metaspace       used 30711K, capacity 32102K, committed 32176K, reserved 1077248K
  class space    used 4004K, capacity 4256K, committed 4272K, reserved 1048576K

