# JRE version: Java(TM) SE Runtime Environment (8.0_201-b09) (build 1.8.0_201-b09)
# Java VM: Java HotSpot(TM) 64-Bit Server VM (25.201-b09 mixed mode linux-amd64 compressed oops)
Heap:
 PSYoungGen      total 128512K, used 10331K [0x00000000ec180000, 0x00000000f5d00000, 0x0000000100000000)
  eden space 117760K, 0% used [0x00000000ec180000,0x00000000ec180000,0x00000000f3480000)
  from space 10752K, 96% used [0x00000000f5280000,0x00000000f5c96fe0,0x00000000f5d00000)
  to   space 7168K, 0% used [0x00000000f3480000,0x00000000f3480000,0x00000000f3b80000)
 ParOldGen       total 29696K, used 15877K [0x00000000c4400000, 0x00000000c6100000, 0x00000000ec180000)
  object space 29696K, 53% used [0x00000000c4400000,0x00000000c5381690,0x00000000c6100000)
 Metaspace       used 33352K, capacity 34778K, committed 34864K, reserved 1079296K
  class space    used 4337K, capacity 4624K, committed 4656K, reserved 1048576K
GC Heap History (10 events):
Event: 3,690 GC heap after
Heap after GC invocations=6 (full 0):
 PSYoungGen      total 66048K, used 6126K [0x00000000ec180000, 0x00000000f0c80000, 0x0000000100000000)
  eden space 59904K, 0% used [0x00000000ec180000,0x00000000ec180000,0x00000000efc00000)
  from space 6144K, 99% used [0x00000000f0380000,0x00000000f097b948,0x00000000f0980000)
  to   space 7680K, 0% used [0x00000000efc00000,0x00000000efc00000,0x00000000f0380000)
 ParOldGen       total 40960K, used 7217K [0x00000000c4400000, 0x00000000c6c00000, 0x00000000ec180000)
  object space 40960K, 17% used [0x00000000c4400000,0x00000000c4b0c6d0,0x00000000c6c00000)
 Metaspace       used 19399K, capacity 19896K, committed 20096K, reserved 1067008K
  class space    used 2470K, capacity 2627K, committed 2688K, reserved 1048576K
}
Event: 3,886 GC heap before
{Heap before GC invocations=7 (full 0):
 PSYoungGen      total 66048K, used 23487K [0x00000000ec180000, 0x00000000f0c80000, 0x0000000100000000)
  eden space 59904K, 28% used [0x00000000ec180000,0x00000000ed2744d8,0x00000000efc00000)
  from space 6144K, 99% used [0x00000000f0380000,0x00000000f097b948,0x00000000f0980000)
  to   space 7680K, 0% used [0x00000000efc00000,0x00000000efc00000,0x00000000f0380000)
 ParOldGen       total 40960K, used 7217K [0x00000000c4400000, 0x00000000c6c00000, 0x00000000ec180000)
  object space 40960K, 17% used [0x00000000c4400000,0x00000000c4b0c6d0,0x00000000c6c00000)
 Metaspace       used 20623K, capacity 21188K, committed 21296K, reserved 1067008K
  class space    used 2660K, capacity 2849K, committed 2864K, reserved 1048576K
Event: 3,892 GC heap after
Heap after GC invocations=7 (full 0):
 PSYoungGen      total 67584K, used 3792K [0x00000000ec180000, 0x00000000f4480000, 0x0000000100000000)
  eden space 59904K, 0% used [0x00000000ec180000,0x00000000ec180000,0x00000000efc00000)
  from space 7680K, 49% used [0x00000000efc00000,0x00000000effb4260,0x00000000f0380000)
  to   space 7168K, 0% used [0x00000000f3d80000,0x00000000f3d80000,0x00000000f4480000)
 ParOldGen       total 40960K, used 8493K [0x00000000c4400000, 0x00000000c6c00000, 0x00000000ec180000)
  object space 40960K, 20% used [0x00000000c4400000,0x00000000c4c4b6d8,0x00000000c6c00000)
 Metaspace       used 20623K, capacity 21188K, committed 21296K, reserved 1067008K
  class space    used 2660K, capacity 2849K, committed 2864K, reserved 1048576K
}
Event: 3,892 GC heap before
{Heap before GC invocations=8 (full 1):
 PSYoungGen      total 67584K, used 3792K [0x00000000ec180000, 0x00000000f4480000, 0x0000000100000000)
  eden space 59904K, 0% used [0x00000000ec180000,0x00000000ec180000,0x00000000efc00000)
  from space 7680K, 49% used [0x00000000efc00000,0x00000000effb4260,0x00000000f0380000)
  to   space 7168K, 0% used [0x00000000f3d80000,0x00000000f3d80000,0x00000000f4480000)
 ParOldGen       total 40960K, used 8493K [0x00000000c4400000, 0x00000000c6c00000, 0x00000000ec180000)
  object space 40960K, 20% used [0x00000000c4400000,0x00000000c4c4b6d8,0x00000000c6c00000)
 Metaspace       used 20623K, capacity 21188K, committed 21296K, reserved 1067008K
  class space    used 2660K, capacity 2849K, committed 2864K, reserved 1048576K
Event: 3,930 GC heap after
Heap after GC invocations=8 (full 1):
 PSYoungGen      total 67584K, used 0K [0x00000000ec180000, 0x00000000f4480000, 0x0000000100000000)
  eden space 59904K, 0% used [0x00000000ec180000,0x00000000ec180000,0x00000000efc00000)
  from space 7680K, 0% used [0x00000000efc00000,0x00000000efc00000,0x00000000f0380000)
  to   space 7168K, 0% used [0x00000000f3d80000,0x00000000f3d80000,0x00000000f4480000)
 ParOldGen       total 29696K, used 6096K [0x00000000c4400000, 0x00000000c6100000, 0x00000000ec180000)
  object space 29696K, 20% used [0x00000000c4400000,0x00000000c49f40b0,0x00000000c6100000)
 Metaspace       used 20623K, capacity 21188K, committed 21296K, reserved 1067008K
  class space    used 2660K, capacity 2849K, committed 2864K, reserved 1048576K
}
Event: 4,519 GC heap before
{Heap before GC invocations=9 (full 1):
 PSYoungGen      total 67584K, used 59904K [0x00000000ec180000, 0x00000000f4480000, 0x0000000100000000)
  eden space 59904K, 100% used [0x00000000ec180000,0x00000000efc00000,0x00000000efc00000)
  from space 7680K, 0% used [0x00000000efc00000,0x00000000efc00000,0x00000000f0380000)
  to   space 7168K, 0% used [0x00000000f3d80000,0x00000000f3d80000,0x00000000f4480000)
 ParOldGen       total 29696K, used 6096K [0x00000000c4400000, 0x00000000c6100000, 0x00000000ec180000)
  object space 29696K, 20% used [0x00000000c4400000,0x00000000c49f40b0,0x00000000c6100000)
 Metaspace       used 23763K, capacity 24472K, committed 24752K, reserved 1071104K
  class space    used 3044K, capacity 3217K, committed 3248K, reserved 1048576K
Event: 4,527 GC heap after
Heap after GC invocations=9 (full 1):
 PSYoungGen      total 104448K, used 4734K [0x00000000ec180000, 0x00000000f4280000, 0x0000000100000000)
  eden space 99328K, 0% used [0x00000000ec180000,0x00000000ec180000,0x00000000f2280000)
  from space 5120K, 92% used [0x00000000f3d80000,0x00000000f421f9c8,0x00000000f4280000)
  to   space 7168K, 0% used [0x00000000f3480000,0x00000000f3480000,0x00000000f3b80000)
 ParOldGen       total 29696K, used 6104K [0x00000000c4400000, 0x00000000c6100000, 0x00000000ec180000)
  object space 29696K, 20% used [0x00000000c4400000,0x00000000c49f60b0,0x00000000c6100000)
 Metaspace       used 23763K, capacity 24472K, committed 24752K, reserved 1071104K
  class space    used 3044K, capacity 3217K, committed 3248K, reserved 1048576K
}
Event: 9,160 GC heap before
{Heap before GC invocations=10 (full 1):
 PSYoungGen      total 104448K, used 104062K [0x00000000ec180000, 0x00000000f4280000, 0x0000000100000000)
  eden space 99328K, 100% used [0x00000000ec180000,0x00000000f2280000,0x00000000f2280000)
  from space 5120K, 92% used [0x00000000f3d80000,0x00000000f421f9c8,0x00000000f4280000)
  to   space 7168K, 0% used [0x00000000f3480000,0x00000000f3480000,0x00000000f3b80000)
 ParOldGen       total 29696K, used 6104K [0x00000000c4400000, 0x00000000c6100000, 0x00000000ec180000)
  object space 29696K, 20% used [0x00000000c4400000,0x00000000c49f60b0,0x00000000c6100000)
 Metaspace       used 29537K, capacity 30700K, committed 30768K, reserved 1075200K
  class space    used 3849K, capacity 4085K, committed 4144K, reserved 1048576K
Event: 9,494 GC heap after
Heap after GC invocations=10 (full 1):
 PSYoungGen      total 124928K, used 7161K [0x00000000ec180000, 0x00000000f5d00000, 0x0000000100000000)
  eden space 117760K, 0% used [0x00000000ec180000,0x00000000ec180000,0x00000000f3480000)
  from space 7168K, 99% used [0x00000000f3480000,0x00000000f3b7e500,0x00000000f3b80000)
  to   space 10752K, 0% used [0x00000000f5280000,0x00000000f5280000,0x00000000f5d00000)
 ParOldGen       total 29696K, used 12764K [0x00000000c4400000, 0x00000000c6100000, 0x00000000ec180000)
  object space 29696K, 42% used [0x00000000c4400000,0x00000000c5077268,0x00000000c6100000)
 Metaspace       used 29537K, capacity 30700K, committed 30768K, reserved 1075200K
  class space    used 3849K, capacity 4085K, committed 4144K, reserved 1048576K
}
Event: 18,616 GC heap before
{Heap before GC invocations=11 (full 1):
 PSYoungGen      total 124928K, used 124921K [0x00000000ec180000, 0x00000000f5d00000, 0x0000000100000000)
  eden space 117760K, 100% used [0x00000000ec180000,0x00000000f3480000,0x00000000f3480000)
  from space 7168K, 99% used [0x00000000f3480000,0x00000000f3b7e500,0x00000000f3b80000)
  to   space 10752K, 0% used [0x00000000f5280000,0x00000000f5280000,0x00000000f5d00000)
 ParOldGen       total 29696K, used 12764K [0x00000000c4400000, 0x00000000c6100000, 0x00000000ec180000)
  object space 29696K, 42% used [0x00000000c4400000,0x00000000c5077268,0x00000000c6100000)
 Metaspace       used 33352K, capacity 34778K, committed 34864K, reserved 1079296K
  class space    used 4337K, capacity 4624K, committed 4656K, reserved 1048576K

