# JRE version: Java(TM) SE Runtime Environment (8.0_201-b09) (build 1.8.0_201-b09)
# Java VM: Java HotSpot(TM) 64-Bit Server VM (25.201-b09 mixed mode linux-amd64 compressed oops)
Heap:
 PSYoungGen      total 127488K, used 10739K [0x00000000ec180000, 0x00000000f4e80000, 0x0000000100000000)
  eden space 116736K, 0% used [0x00000000ec180000,0x00000000ec180000,0x00000000f3380000)
  from space 10752K, 99% used [0x00000000f4400000,0x00000000f4e7cd80,0x00000000f4e80000)
  to   space 7168K, 0% used [0x00000000f3380000,0x00000000f3380000,0x00000000f3a80000)
 ParOldGen       total 32256K, used 15276K [0x00000000c4400000, 0x00000000c6380000, 0x00000000ec180000)
  object space 32256K, 47% used [0x00000000c4400000,0x00000000c52eb2a0,0x00000000c6380000)
 Metaspace       used 32846K, capacity 34290K, committed 34560K, reserved 1079296K
  class space    used 4258K, capacity 4528K, committed 4608K, reserved 1048576K
GC Heap History (10 events):
Event: 3,198 GC heap after
Heap after GC invocations=6 (full 0):
 PSYoungGen      total 65024K, used 5600K [0x00000000ec180000, 0x00000000f0c80000, 0x0000000100000000)
  eden space 59392K, 0% used [0x00000000ec180000,0x00000000ec180000,0x00000000efb80000)
  from space 5632K, 99% used [0x00000000f0300000,0x00000000f0878060,0x00000000f0880000)
  to   space 7680K, 0% used [0x00000000efb80000,0x00000000efb80000,0x00000000f0300000)
 ParOldGen       total 40960K, used 7698K [0x00000000c4400000, 0x00000000c6c00000, 0x00000000ec180000)
  object space 40960K, 18% used [0x00000000c4400000,0x00000000c4b84a60,0x00000000c6c00000)
 Metaspace       used 19558K, capacity 20056K, committed 20352K, reserved 1067008K
  class space    used 2491K, capacity 2621K, committed 2688K, reserved 1048576K
}
Event: 3,560 GC heap before
{Heap before GC invocations=7 (full 0):
 PSYoungGen      total 65024K, used 20850K [0x00000000ec180000, 0x00000000f0c80000, 0x0000000100000000)
  eden space 59392K, 25% used [0x00000000ec180000,0x00000000ed064a20,0x00000000efb80000)
  from space 5632K, 99% used [0x00000000f0300000,0x00000000f0878060,0x00000000f0880000)
  to   space 7680K, 0% used [0x00000000efb80000,0x00000000efb80000,0x00000000f0300000)
 ParOldGen       total 40960K, used 7698K [0x00000000c4400000, 0x00000000c6c00000, 0x00000000ec180000)
  object space 40960K, 18% used [0x00000000c4400000,0x00000000c4b84a60,0x00000000c6c00000)
 Metaspace       used 20634K, capacity 21136K, committed 21248K, reserved 1067008K
  class space    used 2655K, capacity 2813K, committed 2816K, reserved 1048576K
Event: 3,569 GC heap after
Heap after GC invocations=7 (full 0):
 PSYoungGen      total 67072K, used 3528K [0x00000000ec180000, 0x00000000f4380000, 0x0000000100000000)
  eden space 59392K, 0% used [0x00000000ec180000,0x00000000ec180000,0x00000000efb80000)
  from space 7680K, 45% used [0x00000000efb80000,0x00000000efef2340,0x00000000f0300000)
  to   space 7168K, 0% used [0x00000000f3c80000,0x00000000f3c80000,0x00000000f4380000)
 ParOldGen       total 40960K, used 9149K [0x00000000c4400000, 0x00000000c6c00000, 0x00000000ec180000)
  object space 40960K, 22% used [0x00000000c4400000,0x00000000c4cef738,0x00000000c6c00000)
 Metaspace       used 20634K, capacity 21136K, committed 21248K, reserved 1067008K
  class space    used 2655K, capacity 2813K, committed 2816K, reserved 1048576K
}
Event: 3,569 GC heap before
{Heap before GC invocations=8 (full 1):
 PSYoungGen      total 67072K, used 3528K [0x00000000ec180000, 0x00000000f4380000, 0x0000000100000000)
  eden space 59392K, 0% used [0x00000000ec180000,0x00000000ec180000,0x00000000efb80000)
  from space 7680K, 45% used [0x00000000efb80000,0x00000000efef2340,0x00000000f0300000)
  to   space 7168K, 0% used [0x00000000f3c80000,0x00000000f3c80000,0x00000000f4380000)
 ParOldGen       total 40960K, used 9149K [0x00000000c4400000, 0x00000000c6c00000, 0x00000000ec180000)
  object space 40960K, 22% used [0x00000000c4400000,0x00000000c4cef738,0x00000000c6c00000)
 Metaspace       used 20634K, capacity 21136K, committed 21248K, reserved 1067008K
  class space    used 2655K, capacity 2813K, committed 2816K, reserved 1048576K
Event: 3,635 GC heap after
Heap after GC invocations=8 (full 1):
 PSYoungGen      total 67072K, used 0K [0x00000000ec180000, 0x00000000f4380000, 0x0000000100000000)
  eden space 59392K, 0% used [0x00000000ec180000,0x00000000ec180000,0x00000000efb80000)
  from space 7680K, 0% used [0x00000000efb80000,0x00000000efb80000,0x00000000f0300000)
  to   space 7168K, 0% used [0x00000000f3c80000,0x00000000f3c80000,0x00000000f4380000)
 ParOldGen       total 32256K, used 6814K [0x00000000c4400000, 0x00000000c6380000, 0x00000000ec180000)
  object space 32256K, 21% used [0x00000000c4400000,0x00000000c4aa7820,0x00000000c6380000)
 Metaspace       used 20634K, capacity 21136K, committed 21248K, reserved 1067008K
  class space    used 2655K, capacity 2813K, committed 2816K, reserved 1048576K
}
Event: 4,528 GC heap before
{Heap before GC invocations=9 (full 1):
 PSYoungGen      total 67072K, used 59392K [0x00000000ec180000, 0x00000000f4380000, 0x0000000100000000)
  eden space 59392K, 100% used [0x00000000ec180000,0x00000000efb80000,0x00000000efb80000)
  from space 7680K, 0% used [0x00000000efb80000,0x00000000efb80000,0x00000000f0300000)
  to   space 7168K, 0% used [0x00000000f3c80000,0x00000000f3c80000,0x00000000f4380000)
 ParOldGen       total 32256K, used 6814K [0x00000000c4400000, 0x00000000c6380000, 0x00000000ec180000)
  object space 32256K, 21% used [0x00000000c4400000,0x00000000c4aa7820,0x00000000c6380000)
 Metaspace       used 23801K, capacity 24452K, committed 24832K, reserved 1071104K
  class space    used 3046K, capacity 3209K, committed 3328K, reserved 1048576K
Event: 4,536 GC heap after
Heap after GC invocations=9 (full 1):
 PSYoungGen      total 95232K, used 4630K [0x00000000ec180000, 0x00000000f4180000, 0x0000000100000000)
  eden space 90112K, 0% used [0x00000000ec180000,0x00000000ec180000,0x00000000f1980000)
  from space 5120K, 90% used [0x00000000f3c80000,0x00000000f4105b80,0x00000000f4180000)
  to   space 7168K, 0% used [0x00000000f3380000,0x00000000f3380000,0x00000000f3a80000)
 ParOldGen       total 32256K, used 6886K [0x00000000c4400000, 0x00000000c6380000, 0x00000000ec180000)
  object space 32256K, 21% used [0x00000000c4400000,0x00000000c4ab9830,0x00000000c6380000)
 Metaspace       used 23801K, capacity 24452K, committed 24832K, reserved 1071104K
  class space    used 3046K, capacity 3209K, committed 3328K, reserved 1048576K
}
Event: 24,349 GC heap before
{Heap before GC invocations=10 (full 1):
 PSYoungGen      total 95232K, used 94742K [0x00000000ec180000, 0x00000000f4180000, 0x0000000100000000)
  eden space 90112K, 100% used [0x00000000ec180000,0x00000000f1980000,0x00000000f1980000)
  from space 5120K, 90% used [0x00000000f3c80000,0x00000000f4105b80,0x00000000f4180000)
  to   space 7168K, 0% used [0x00000000f3380000,0x00000000f3380000,0x00000000f3a80000)
 ParOldGen       total 32256K, used 6886K [0x00000000c4400000, 0x00000000c6380000, 0x00000000ec180000)
  object space 32256K, 21% used [0x00000000c4400000,0x00000000c4ab9830,0x00000000c6380000)
 Metaspace       used 29190K, capacity 30240K, committed 30464K, reserved 1075200K
  class space    used 3787K, capacity 4031K, committed 4096K, reserved 1048576K
Event: 25,505 GC heap after
Heap after GC invocations=10 (full 1):
 PSYoungGen      total 123904K, used 7158K [0x00000000ec180000, 0x00000000f4e80000, 0x0000000100000000)
  eden space 116736K, 0% used [0x00000000ec180000,0x00000000ec180000,0x00000000f3380000)
  from space 7168K, 99% used [0x00000000f3380000,0x00000000f3a7db78,0x00000000f3a80000)
  to   space 10752K, 0% used [0x00000000f4400000,0x00000000f4400000,0x00000000f4e80000)
 ParOldGen       total 32256K, used 12932K [0x00000000c4400000, 0x00000000c6380000, 0x00000000ec180000)
  object space 32256K, 40% used [0x00000000c4400000,0x00000000c50a12c0,0x00000000c6380000)
 Metaspace       used 29190K, capacity 30240K, committed 30464K, reserved 1075200K
  class space    used 3787K, capacity 4031K, committed 4096K, reserved 1048576K
}
Event: 69,596 GC heap before
{Heap before GC invocations=11 (full 1):
 PSYoungGen      total 123904K, used 123894K [0x00000000ec180000, 0x00000000f4e80000, 0x0000000100000000)
  eden space 116736K, 100% used [0x00000000ec180000,0x00000000f3380000,0x00000000f3380000)
  from space 7168K, 99% used [0x00000000f3380000,0x00000000f3a7db78,0x00000000f3a80000)
  to   space 10752K, 0% used [0x00000000f4400000,0x00000000f4400000,0x00000000f4e80000)
 ParOldGen       total 32256K, used 12932K [0x00000000c4400000, 0x00000000c6380000, 0x00000000ec180000)
  object space 32256K, 40% used [0x00000000c4400000,0x00000000c50a12c0,0x00000000c6380000)
 Metaspace       used 32846K, capacity 34290K, committed 34560K, reserved 1079296K
  class space    used 4258K, capacity 4528K, committed 4608K, reserved 1048576K

